13-11-2018 11:32:55.282 [restartedMain] INFO 
				com.lxisoft.KarmaApp.logStartupProfileInfo - The following profiles are active: dev,swagger
13-11-2018 11:32:58.934 [restartedMain] DEBUG
				c.lxisoft.config.AsyncConfiguration.getAsyncExecutor - Creating Async Task Executor
13-11-2018 11:33:00.026 [restartedMain] DEBUG
				c.l.config.MetricsConfiguration.init - Registering JVM gauges
13-11-2018 11:33:00.084 [restartedMain] DEBUG
				c.l.config.MetricsConfiguration.init - Monitoring the datasource
13-11-2018 11:33:00.096 [restartedMain] DEBUG
				c.l.config.MetricsConfiguration.init - Initializing Metrics JMX reporting
13-11-2018 11:33:02.028 [restartedMain] DEBUG
				c.l.config.LiquibaseConfiguration.liquibase - Configuring Liquibase
13-11-2018 11:33:02.344 [karma-Executor-1] WARN 
				i.g.j.c.l.AsyncSpringLiquibase.lambda$afterPropertiesSet$0 - Starting Liquibase asynchronously, your database might not be ready at startup!
13-11-2018 11:33:04.441 [karma-Executor-1] DEBUG
				i.g.j.c.l.AsyncSpringLiquibase.initDb - Liquibase has updated your database in 2087 ms
13-11-2018 11:33:07.056 [restartedMain] INFO 
				com.lxisoft.config.WebConfigurer.onStartup - Web application configuration, using profiles: dev
13-11-2018 11:33:07.057 [restartedMain] DEBUG
				com.lxisoft.config.WebConfigurer.initMetrics - Initializing Metrics registries
13-11-2018 11:33:07.066 [restartedMain] DEBUG
				com.lxisoft.config.WebConfigurer.initMetrics - Registering Metrics Filter
13-11-2018 11:33:07.069 [restartedMain] DEBUG
				com.lxisoft.config.WebConfigurer.initMetrics - Registering Metrics Servlet
13-11-2018 11:33:07.075 [restartedMain] INFO 
				com.lxisoft.config.WebConfigurer.onStartup - Web application fully configured
13-11-2018 11:33:13.845 [restartedMain] WARN 
				c.n.c.sources.URLConfigurationSource.<init> - No URLs will be polled as dynamic configuration sources.
13-11-2018 11:33:13.857 [restartedMain] WARN 
				c.n.c.sources.URLConfigurationSource.<init> - No URLs will be polled as dynamic configuration sources.
13-11-2018 11:33:14.937 [restartedMain] DEBUG
				i.g.j.c.a.SwaggerAutoConfiguration.swaggerSpringfoxApiDocket - Starting Swagger
13-11-2018 11:33:14.962 [restartedMain] DEBUG
				i.g.j.c.a.SwaggerAutoConfiguration.swaggerSpringfoxApiDocket - Started Swagger in 23 ms
13-11-2018 11:33:18.637 [restartedMain] ERROR
				o.s.b.d.LoggingFailureAnalysisReporter.report - 

***************************
APPLICATION FAILED TO START
***************************

Description:

Web server failed to start. Port 8081 was already in use.

Action:

Identify and stop the process that's listening on port 8081 or configure this application to listen on another port.

